# JRE version: Java(TM) SE Runtime Environment (22.0.2+9) (build 22.0.2+9-70)
# Java VM: Java HotSpot(TM) 64-Bit Server VM (22.0.2+9-70, mixed mode, sharing, tiered, compressed oops, compressed class ptrs, g1 gc, windows-amd64)
GC Precious Log:
 CardTable entry size: 512
 Card Set container configuration: InlinePtr #cards 5 size 8 Array Of Cards #cards 12 size 40 Howl #buckets 4 coarsen threshold 1843 Howl Bitmap #cards 512 size 80 coarsen threshold 460 Card regions per heap region 1 cards per card region 2048
 CPUs: 4 total, 4 available
 Memory: 3499M
 Large Page Support: Disabled
 NUMA Support: Disabled
 Compressed Oops: Enabled (32-bit)
 Heap Region Size: 1M
 Heap Min Capacity: 8M
 Heap Initial Capacity: 56M
 Heap Max Capacity: 876M
 Pre-touch: Disabled
 Parallel Workers: 4
 Concurrent Workers: 1
 Concurrent Refinement Workers: 4
 Periodic GC: Disabled
Heap:
 garbage-first heap   total reserved 897024K, committed 69632K, used 25421K [0x00000000c9400000, 0x0000000100000000)
  region size 1024K, 1 young (1024K), 1 survivors (1024K)
 Metaspace       used 21155K, committed 21376K, reserved 1114112K
  class space    used 2781K, committed 2880K, reserved 1048576K
GC Heap History (20 events):
Event: 6.560 GC heap after
{Heap after GC invocations=14 (full 0):
 garbage-first heap   total reserved 897024K, committed 57344K, used 24388K [0x00000000c9400000, 0x0000000100000000)
  region size 1024K, 1 young (1024K), 1 survivors (1024K)
 Metaspace       used 21066K, committed 21312K, reserved 1114112K
  class space    used 2781K, committed 2880K, reserved 1048576K
}
Event: 6.562 GC heap before
{Heap before GC invocations=14 (full 0):
 garbage-first heap   total reserved 897024K, committed 57344K, used 28484K [0x00000000c9400000, 0x0000000100000000)
  region size 1024K, 2 young (2048K), 1 survivors (1024K)
 Metaspace       used 21066K, committed 21312K, reserved 1114112K
  class space    used 2781K, committed 2880K, reserved 1048576K
}
Event: 6.563 GC heap after
{Heap after GC invocations=15 (full 0):
 garbage-first heap   total reserved 897024K, committed 57344K, used 26437K [0x00000000c9400000, 0x0000000100000000)
  region size 1024K, 1 young (1024K), 1 survivors (1024K)
 Metaspace       used 21066K, committed 21312K, reserved 1114112K
  class space    used 2781K, committed 2880K, reserved 1048576K
}
Event: 6.692 GC heap before
{Heap before GC invocations=16 (full 0):
 garbage-first heap   total reserved 897024K, committed 57344K, used 30533K [0x00000000c9400000, 0x0000000100000000)
  region size 1024K, 2 young (2048K), 1 survivors (1024K)
 Metaspace       used 21094K, committed 21312K, reserved 1114112K
  class space    used 2781K, committed 2880K, reserved 1048576K
}
Event: 6.695 GC heap after
{Heap after GC invocations=17 (full 0):
 garbage-first heap   total reserved 897024K, committed 57344K, used 30563K [0x00000000c9400000, 0x0000000100000000)
  region size 1024K, 1 young (1024K), 1 survivors (1024K)
 Metaspace       used 21094K, committed 21312K, reserved 1114112K
  class space    used 2781K, committed 2880K, reserved 1048576K
}
Event: 6.840 GC heap before
{Heap before GC invocations=18 (full 0):
 garbage-first heap   total reserved 897024K, committed 57344K, used 29539K [0x00000000c9400000, 0x0000000100000000)
  region size 1024K, 7 young (7168K), 1 survivors (1024K)
 Metaspace       used 21107K, committed 21312K, reserved 1114112K
  class space    used 2781K, committed 2880K, reserved 1048576K
}
Event: 6.841 GC heap after
{Heap after GC invocations=19 (full 0):
 garbage-first heap   total reserved 897024K, committed 57344K, used 24391K [0x00000000c9400000, 0x0000000100000000)
  region size 1024K, 1 young (1024K), 1 survivors (1024K)
 Metaspace       used 21107K, committed 21312K, reserved 1114112K
  class space    used 2781K, committed 2880K, reserved 1048576K
}
Event: 6.845 GC heap before
{Heap before GC invocations=19 (full 0):
 garbage-first heap   total reserved 897024K, committed 57344K, used 28487K [0x00000000c9400000, 0x0000000100000000)
  region size 1024K, 2 young (2048K), 1 survivors (1024K)
 Metaspace       used 21107K, committed 21312K, reserved 1114112K
  class space    used 2781K, committed 2880K, reserved 1048576K
}
Event: 6.847 GC heap after
{Heap after GC invocations=20 (full 0):
 garbage-first heap   total reserved 897024K, committed 69632K, used 28489K [0x00000000c9400000, 0x0000000100000000)
  region size 1024K, 1 young (1024K), 1 survivors (1024K)
 Metaspace       used 21107K, committed 21312K, reserved 1114112K
  class space    used 2781K, committed 2880K, reserved 1048576K
}
Event: 6.978 GC heap before
{Heap before GC invocations=20 (full 0):
 garbage-first heap   total reserved 897024K, committed 69632K, used 32585K [0x00000000c9400000, 0x0000000100000000)
  region size 1024K, 2 young (2048K), 1 survivors (1024K)
 Metaspace       used 21133K, committed 21376K, reserved 1114112K
  class space    used 2781K, committed 2880K, reserved 1048576K
}
Event: 6.980 GC heap after
{Heap after GC invocations=21 (full 0):
 garbage-first heap   total reserved 897024K, committed 69632K, used 30560K [0x00000000c9400000, 0x0000000100000000)
  region size 1024K, 1 young (1024K), 1 survivors (1024K)
 Metaspace       used 21133K, committed 21376K, reserved 1114112K
  class space    used 2781K, committed 2880K, reserved 1048576K
}
Event: 7.013 GC heap before
{Heap before GC invocations=21 (full 0):
 garbage-first heap   total reserved 897024K, committed 69632K, used 32608K [0x00000000c9400000, 0x0000000100000000)
  region size 1024K, 3 young (3072K), 1 survivors (1024K)
 Metaspace       used 21133K, committed 21376K, reserved 1114112K
  class space    used 2781K, committed 2880K, reserved 1048576K
}
Event: 7.014 GC heap after
{Heap after GC invocations=22 (full 0):
 garbage-first heap   total reserved 897024K, committed 69632K, used 18244K [0x00000000c9400000, 0x0000000100000000)
  region size 1024K, 1 young (1024K), 1 survivors (1024K)
 Metaspace       used 21133K, committed 21376K, reserved 1114112K
  class space    used 2781K, committed 2880K, reserved 1048576K
}
Event: 7.075 GC heap before
{Heap before GC invocations=22 (full 0):
 garbage-first heap   total reserved 897024K, committed 69632K, used 32580K [0x00000000c9400000, 0x0000000100000000)
  region size 1024K, 6 young (6144K), 1 survivors (1024K)
 Metaspace       used 21137K, committed 21376K, reserved 1114112K
  class space    used 2781K, committed 2880K, reserved 1048576K
}
Event: 7.076 GC heap after
{Heap after GC invocations=23 (full 0):
 garbage-first heap   total reserved 897024K, committed 69632K, used 28489K [0x00000000c9400000, 0x0000000100000000)
  region size 1024K, 1 young (1024K), 1 survivors (1024K)
 Metaspace       used 21137K, committed 21376K, reserved 1114112K
  class space    used 2781K, committed 2880K, reserved 1048576K
}
Event: 7.131 GC heap before
{Heap before GC invocations=23 (full 0):
 garbage-first heap   total reserved 897024K, committed 69632K, used 33609K [0x00000000c9400000, 0x0000000100000000)
  region size 1024K, 3 young (3072K), 1 survivors (1024K)
 Metaspace       used 21153K, committed 21376K, reserved 1114112K
  class space    used 2781K, committed 2880K, reserved 1048576K
}
Event: 7.132 GC heap after
{Heap after GC invocations=24 (full 0):
 garbage-first heap   total reserved 897024K, committed 69632K, used 31584K [0x00000000c9400000, 0x0000000100000000)
  region size 1024K, 1 young (1024K), 1 survivors (1024K)
 Metaspace       used 21153K, committed 21376K, reserved 1114112K
  class space    used 2781K, committed 2880K, reserved 1048576K
}
Event: 7.181 GC heap before
{Heap before GC invocations=25 (full 0):
 garbage-first heap   total reserved 897024K, committed 69632K, used 35680K [0x00000000c9400000, 0x0000000100000000)
  region size 1024K, 3 young (3072K), 1 survivors (1024K)
 Metaspace       used 21155K, committed 21376K, reserved 1114112K
  class space    used 2781K, committed 2880K, reserved 1048576K
}
Event: 7.182 GC heap after
{Heap after GC invocations=26 (full 0):
 garbage-first heap   total reserved 897024K, committed 69632K, used 20322K [0x00000000c9400000, 0x0000000100000000)
  region size 1024K, 1 young (1024K), 1 survivors (1024K)
 Metaspace       used 21155K, committed 21376K, reserved 1114112K
  class space    used 2781K, committed 2880K, reserved 1048576K
}
Event: 7.215 GC heap before
{Heap before GC invocations=26 (full 0):
 garbage-first heap   total reserved 897024K, committed 69632K, used 32610K [0x00000000c9400000, 0x0000000100000000)
  region size 1024K, 6 young (6144K), 1 survivors (1024K)
 Metaspace       used 21155K, committed 21376K, reserved 1114112K
  class space    used 2781K, committed 2880K, reserved 1048576K
}

